<?xml version="1.0" encoding="UTF-8"?>
<!-- Generated by org.testng.reporters.JUnitReportReporter -->
<testsuite hostname="BIKASHS-WIN10" failures="0" tests="1" name="com.bksoft.keyboard.MouseActions" time="5.380" errors="0" timestamp="2025-02-07T16:31:53 IST" skipped="0">
  <testcase classname="com.bksoft.keyboard.MouseActions" name="dragAndDropby" time="5.380"/>
</testsuite> <!-- com.bksoft.keyboard.MouseActions -->
