<?xml version="1.0" encoding="UTF-8"?>
<!-- Generated by org.testng.reporters.JUnitReportReporter -->
<testsuite hostname="BIKASHS-WIN10" failures="0" tests="1" name="com.selenium.locators.HomePage" time="9.904" errors="0" timestamp="2025-01-29T17:39:57 IST" skipped="0">
  <testcase classname="com.selenium.locators.HomePage" name="listAllAnchorTags" time="9.904"/>
</testsuite> <!-- com.selenium.locators.HomePage -->
