<?xml version="1.0" encoding="UTF-8"?>
<!-- Generated by org.testng.reporters.JUnitReportReporter -->
<testsuite hostname="BIKASHS-WIN10" failures="0" tests="3" name="com.bksoft.testngpractice.Test1" time="0.009" errors="0" timestamp="2025-02-13T19:29:49 IST" skipped="0">
  <testcase classname="com.bksoft.testngpractice.Test1" name="test2" time="0.003"/>
  <testcase classname="com.bksoft.testngpractice.Test1" name="test3" time="0.001"/>
  <testcase classname="com.bksoft.testngpractice.Test1" name="test1" time="0.005"/>
</testsuite> <!-- com.bksoft.testngpractice.Test1 -->
