<?xml version="1.0" encoding="UTF-8"?>
<!-- Generated by org.testng.reporters.JUnitReportReporter -->
<testsuite hostname="BIKASHS-WIN10" failures="0" tests="1" name="com.bksoft.keyboard.KeyboardActions" time="26.279" errors="0" timestamp="2025-02-07T16:19:19 IST" skipped="0">
  <testcase classname="com.bksoft.keyboard.KeyboardActions" name="handleBrowserTabs" time="26.279"/>
</testsuite> <!-- com.bksoft.keyboard.KeyboardActions -->
