<?xml version="1.0" encoding="UTF-8"?>
<!-- Generated by org.testng.reporters.JUnitReportReporter -->
<testsuite hostname="BIKASHS-WIN10" failures="0" tests="2" name="com.bksoft.keyboard.HandleWindows" time="9.488" errors="0" timestamp="2025-02-10T09:02:38 IST" skipped="0">
  <testcase classname="com.bksoft.keyboard.HandleWindows" name="createMultipleTabsAndURL" time="8.020"/>
  <testcase classname="com.bksoft.keyboard.HandleWindows" name="switchMultipleWindow" time="1.468"/>
</testsuite> <!-- com.bksoft.keyboard.HandleWindows -->
