<?xml version="1.0" encoding="UTF-8"?>
<!-- Generated by org.testng.reporters.JUnitReportReporter -->
<testsuite hostname="BIKASHS-WIN10" failures="0" tests="1" name="ArrayListImplementation" time="7.137" errors="0" timestamp="2025-02-17T12:55:14 IST" skipped="0">
  <testcase classname="ArrayListImplementation" name="storeTheElements" time="7.137"/>
</testsuite> <!-- ArrayListImplementation -->
