<?xml version="1.0" encoding="UTF-8"?>
<!-- Generated by org.testng.reporters.JUnitReportReporter -->
<testsuite hostname="BIKASHS-WIN10" failures="0" tests="1" name="com.bksoft.keyboard.HandlingList" time="16.342" errors="0" timestamp="2025-02-07T18:10:04 IST" skipped="0">
  <testcase classname="com.bksoft.keyboard.HandlingList" name="dynamicListTest" time="16.342"/>
</testsuite> <!-- com.bksoft.keyboard.HandlingList -->
