<?xml version="1.0" encoding="UTF-8"?>
<!-- Generated by org.testng.reporters.JUnitReportReporter -->
<testsuite hostname="BIKASHS-WIN10" failures="0" tests="1" name="com.bksoft.utilities.FluentWaitTest" time="5.949" errors="0" timestamp="2025-02-14T15:32:10 IST" skipped="0">
  <testcase classname="com.bksoft.utilities.FluentWaitTest" name="clickAndWait" time="5.949"/>
</testsuite> <!-- com.bksoft.utilities.FluentWaitTest -->
